*** Starting uWSGI 2.0.18 (64bit) on [Sun Jun  7 18:59:17 2020] ***
compiled with version: 7.5.0 on 04 June 2020 11:19:03
os: Linux-5.3.0-56-generic #50~18.04.1-Ubuntu SMP Wed May 27 08:52:12 UTC 2020
nodename: hwl
machine: x86_64
clock source: unix
detected number of CPU cores: 4
current working directory: /home/hwl/shengxian
writing pidfile to uwsgi2.pid
detected binary path: /home/hwl/.local/bin/uwsgi
!!! no internal routing support, rebuild with pcre support !!!
chdir() to /home/hwl/shengxian
your processes number limit is 7645
your memory page size is 4096 bytes
detected max file descriptor number: 1024
lock engine: pthread robust mutexes
thunder lock: disabled (you can enable it with --thunder-lock)
uwsgi socket 0 bound to TCP address 127.0.0.1:8001 fd 3
Python version: 3.6.9 (default, Apr 18 2020, 01:56:04)  [GCC 8.4.0]
PEP 405 virtualenv detected: /home/hwl/Envs/shengxian
Set PythonHome to /home/hwl/Envs/shengxian
Python main interpreter initialized at 0x55a3a130d130
python threads support enabled
your server socket listen backlog is limited to 100 connections
your mercy for graceful operations on workers is 60 seconds
mapped 416720 bytes (406 KB) for 8 cores
*** Operational MODE: preforking+threaded ***
WSGI app 0 (mountpoint='') ready in 12 seconds on interpreter 0x55a3a130d130 pid: 83658 (default app)
*** uWSGI is running in multiple interpreter mode ***
spawned uWSGI master process (pid: 83658)
spawned uWSGI worker 1 (pid: 83716, cores: 2)
spawned uWSGI worker 2 (pid: 83717, cores: 2)
spawned uWSGI worker 3 (pid: 83719, cores: 2)
spawned uWSGI worker 4 (pid: 83720, cores: 2)
[pid: 83717|app: 0|req: 1/1] 127.0.0.1 () {52 vars in 1011 bytes} [Sun Jun  7 19:33:16 2020] GET /goods/30 => generated 9311 bytes in 14465 msecs (HTTP/1.1 200) 5 headers in 292 bytes (1 switches on core 0)
[pid: 83717|app: 0|req: 2/2] 127.0.0.1 () {52 vars in 1006 bytes} [Sun Jun  7 19:33:55 2020] GET /goods/3 => generated 9453 bytes in 407 msecs (HTTP/1.1 200) 5 headers in 292 bytes (1 switches on core 1)
[pid: 83719|app: 0|req: 1/3] 127.0.0.1 () {52 vars in 1011 bytes} [Sun Jun  7 19:34:12 2020] GET /list/4/1 => generated 6123 bytes in 3594 msecs (HTTP/1.1 200) 4 headers in 124 bytes (1 switches on core 1)
[pid: 83719|app: 0|req: 2/4] 127.0.0.1 () {52 vars in 1009 bytes} [Sun Jun  7 19:34:24 2020] GET /goods/6 => generated 9301 bytes in 220 msecs (HTTP/1.1 200) 5 headers in 292 bytes (1 switches on core 0)
[pid: 83717|app: 0|req: 3/5] 127.0.0.1 () {52 vars in 1008 bytes} [Sun Jun  7 19:34:38 2020] GET /goods/7 => generated 9319 bytes in 295 msecs (HTTP/1.1 200) 5 headers in 292 bytes (1 switches on core 0)
[pid: 83719|app: 0|req: 3/6] 127.0.0.1 () {52 vars in 1004 bytes} [Sun Jun  7 19:34:45 2020] GET /index => generated 12272 bytes in 256 msecs (HTTP/1.1 200) 4 headers in 125 bytes (1 switches on core 1)
[pid: 83719|app: 0|req: 4/7] 127.0.0.1 () {52 vars in 1010 bytes} [Sun Jun  7 19:34:50 2020] GET /goods/31 => generated 9577 bytes in 281 msecs (HTTP/1.1 200) 5 headers in 292 bytes (1 switches on core 0)
SIGINT/SIGQUIT received...killing workers...
worker 1 buried after 28 seconds
worker 2 buried after 28 seconds
worker 3 buried after 28 seconds
worker 4 buried after 28 seconds
goodbye to uWSGI.
